Teardown started at Fri Sep 26 18:52:48 BST 2025
[0;34m[2025-09-26 18:52:48][0m Validating prerequisites...
[0;32m[SUCCESS][0m Prerequisites validation completed
[0;34m[2025-09-26 18:52:49][0m Gathering resource information...
[0;34m[2025-09-26 18:52:49][0m Resource information gathered:
[0;34m[2025-09-26 18:52:49][0m   Project: eks-gitops-test
[0;34m[2025-09-26 18:52:49][0m   Environment: prod
[0;34m[2025-09-26 18:52:49][0m   Region: eu-west-1
[0;34m[2025-09-26 18:52:49][0m   Cluster: eks-gitops-test-prod-cluster
[0;34m[2025-09-26 18:52:49][0m   S3 Bucket: eks-gitops-test-prod-tfstate
[0;34m[2025-09-26 18:52:49][0m   DynamoDB Table: eks-gitops-test-prod-tflock
[0;34m[2025-09-26 18:52:49][0m Checking if resources exist...
[0;34m[2025-09-26 18:52:50][0m ✗ EKS cluster 'eks-gitops-test-prod-cluster' not found
[0;34m[2025-09-26 18:52:50][0m ✓ S3 bucket 'eks-gitops-test-prod-tfstate' exists in eu-west-1
[0;34m[2025-09-26 18:52:51][0m ✓ DynamoDB table 'eks-gitops-test-prod-tflock' exists
[0;34m[2025-09-26 18:52:51][0m ✗ VPC not found
[0;34m[2025-09-26 18:52:51][0m Cleaning up Kubernetes resources...
[0;34m[2025-09-26 18:52:51][0m Configuring kubectl for EKS cluster...
[1;33m[WARNING][0m Failed to configure kubectl. Skipping Kubernetes cleanup.
[0;34m[2025-09-26 18:52:52][0m Handling Terraform state and backend configuration...
[0;34m[2025-09-26 18:52:52][0m Terraform state is not accessible, attempting to fix...
[0;34m[2025-09-26 18:52:52][0m Backend resources exist, attempting to reconnect...
[0;34m[2025-09-26 18:53:14][0m Successfully reconnected to Terraform state
[0;34m[2025-09-26 18:53:14][0m Destroying Terraform infrastructure...
[0;34m[2025-09-26 18:53:14][0m Validating Terraform configuration...
[0;34m[2025-09-26 18:53:15][0m Creating Terraform destroy plan...
[0;34m[2025-09-26 18:53:18][0m DRY RUN: Would destroy the following resources:
[0;34m[2025-09-26 18:53:19][0m Cleaning up backend resources...
[0;34m[2025-09-26 18:53:20][0m Deleting S3 bucket: eks-gitops-test-prod-tfstate (region: eu-west-1)
[0;32m[SUCCESS][0m S3 bucket deleted
[0;34m[2025-09-26 18:53:21][0m Deleting DynamoDB table: eks-gitops-test-prod-tflock
[0;34m[2025-09-26 18:53:22][0m Waiting for DynamoDB table to be deleted...
[0;32m[SUCCESS][0m DynamoDB table deleted
[0;32m[SUCCESS][0m Backend resources cleanup completed
[0;34m[2025-09-26 18:53:42][0m Cleaning up temporary files...
[0;32m[SUCCESS][0m Temporary files cleanup completed
[0;34m[2025-09-26 18:53:42][0m Teardown completed! Summary:
[0;32m[SUCCESS][0m Teardown completed successfully!
[0;34m[2025-09-26 18:53:42][0m Check /Users/humzamalak/Documents/Code/Production-Ready-EKS-Cluster-with-GitOps/teardown.log for detailed logs
[0;34m[2025-09-26 18:53:42][0m Cleaning up temporary files...
[0;32m[SUCCESS][0m Temporary files cleanup completed
